ERROR - 2024-03-28 21:17:42 --> mysqli_sql_exception: Unknown column 'identificador' in 'where clause' in C:\xampp\htdocs\sicac\system\Database\MySQLi\Connection.php:306
Stack trace:
#0 C:\xampp\htdocs\sicac\system\Database\MySQLi\Connection.php(306): mysqli->query('SELECT 1\nFROM `...', 0)
#1 C:\xampp\htdocs\sicac\system\Database\BaseConnection.php(693): CodeIgniter\Database\MySQLi\Connection->execute('SELECT 1\nFROM `...')
#2 C:\xampp\htdocs\sicac\system\Database\BaseConnection.php(607): CodeIgniter\Database\BaseConnection->simpleQuery('SELECT 1\nFROM `...')
#3 C:\xampp\htdocs\sicac\system\Database\BaseBuilder.php(1615): CodeIgniter\Database\BaseConnection->query('SELECT 1\nFROM `...', Array, false)
#4 C:\xampp\htdocs\sicac\system\Validation\StrictRules\Rules.php(212): CodeIgniter\Database\BaseBuilder->get()
#5 C:\xampp\htdocs\sicac\system\Validation\Validation.php(311): CodeIgniter\Validation\StrictRules\Rules->is_unique('20TE0422', 'identificador', Array, NULL, 'identificador')
#6 C:\xampp\htdocs\sicac\system\Validation\Validation.php(197): CodeIgniter\Validation\Validation->processRules('identificador', 'identificador', '20TE0422', Array, Array)
#7 C:\xampp\htdocs\sicac\system\Controller.php(152): CodeIgniter\Validation\Validation->run()
#8 C:\xampp\htdocs\sicac\app\Controllers\RegistroController.php(53): CodeIgniter\Controller->validate(Array)
#9 C:\xampp\htdocs\sicac\system\CodeIgniter.php(942): App\Controllers\RegistroController->create()
#10 C:\xampp\htdocs\sicac\system\CodeIgniter.php(502): CodeIgniter\CodeIgniter->runController(Object(App\Controllers\RegistroController))
#11 C:\xampp\htdocs\sicac\system\CodeIgniter.php(361): CodeIgniter\CodeIgniter->handleRequest(NULL, Object(Config\Cache), false)
#12 C:\xampp\htdocs\sicac\public\index.php(79): CodeIgniter\CodeIgniter->run()
#13 C:\xampp\htdocs\sicac\system\Commands\Server\rewrite.php(47): require_once('C:\\xampp\\htdocs...')
#14 {main}
CRITICAL - 2024-03-28 21:17:42 --> Unknown column 'identificador' in 'where clause'
in SYSTEMPATH\Database\BaseConnection.php on line 647.
 1 SYSTEMPATH\Database\BaseBuilder.php(1615): CodeIgniter\Database\BaseConnection->query('SELECT 1
FROM `usuarios`
WHERE `identificador` = :identificador:
 LIMIT 1', [...], false)
 2 SYSTEMPATH\Validation\StrictRules\Rules.php(212): CodeIgniter\Database\BaseBuilder->get()
 3 SYSTEMPATH\Validation\Validation.php(311): CodeIgniter\Validation\StrictRules\Rules->is_unique('20TE0422', 'identificador', [...], null, 'identificador')
 4 SYSTEMPATH\Validation\Validation.php(197): CodeIgniter\Validation\Validation->processRules('identificador', 'identificador', '20TE0422', [...], [...])
 5 SYSTEMPATH\Controller.php(152): CodeIgniter\Validation\Validation->run()
 6 APPPATH\Controllers\RegistroController.php(53): CodeIgniter\Controller->validate([...])
 7 SYSTEMPATH\CodeIgniter.php(942): App\Controllers\RegistroController->create()
 8 SYSTEMPATH\CodeIgniter.php(502): CodeIgniter\CodeIgniter->runController(Object(App\Controllers\RegistroController))
 9 SYSTEMPATH\CodeIgniter.php(361): CodeIgniter\CodeIgniter->handleRequest(null, Object(Config\Cache), false)
10 FCPATH\index.php(79): CodeIgniter\CodeIgniter->run()
11 SYSTEMPATH\Commands\Server\rewrite.php(47): require_once('C:\\xampp\\htdocs\\sicac\\public\\index.php')
ERROR - 2024-03-28 21:24:32 --> mysqli_sql_exception: Unknown column 'identificador' in 'where clause' in C:\xampp\htdocs\sicac\system\Database\MySQLi\Connection.php:306
Stack trace:
#0 C:\xampp\htdocs\sicac\system\Database\MySQLi\Connection.php(306): mysqli->query('SELECT 1\nFROM `...', 0)
#1 C:\xampp\htdocs\sicac\system\Database\BaseConnection.php(693): CodeIgniter\Database\MySQLi\Connection->execute('SELECT 1\nFROM `...')
#2 C:\xampp\htdocs\sicac\system\Database\BaseConnection.php(607): CodeIgniter\Database\BaseConnection->simpleQuery('SELECT 1\nFROM `...')
#3 C:\xampp\htdocs\sicac\system\Database\BaseBuilder.php(1615): CodeIgniter\Database\BaseConnection->query('SELECT 1\nFROM `...', Array, false)
#4 C:\xampp\htdocs\sicac\system\Validation\StrictRules\Rules.php(212): CodeIgniter\Database\BaseBuilder->get()
#5 C:\xampp\htdocs\sicac\system\Validation\Validation.php(311): CodeIgniter\Validation\StrictRules\Rules->is_unique('20TE0422', 'identificador', Array, NULL, 'identificador')
#6 C:\xampp\htdocs\sicac\system\Validation\Validation.php(197): CodeIgniter\Validation\Validation->processRules('identificador', 'identificador', '20TE0422', Array, Array)
#7 C:\xampp\htdocs\sicac\system\Controller.php(152): CodeIgniter\Validation\Validation->run()
#8 C:\xampp\htdocs\sicac\app\Controllers\RegistroController.php(53): CodeIgniter\Controller->validate(Array)
#9 C:\xampp\htdocs\sicac\system\CodeIgniter.php(942): App\Controllers\RegistroController->create()
#10 C:\xampp\htdocs\sicac\system\CodeIgniter.php(502): CodeIgniter\CodeIgniter->runController(Object(App\Controllers\RegistroController))
#11 C:\xampp\htdocs\sicac\system\CodeIgniter.php(361): CodeIgniter\CodeIgniter->handleRequest(NULL, Object(Config\Cache), false)
#12 C:\xampp\htdocs\sicac\public\index.php(79): CodeIgniter\CodeIgniter->run()
#13 C:\xampp\htdocs\sicac\system\Commands\Server\rewrite.php(47): require_once('C:\\xampp\\htdocs...')
#14 {main}
CRITICAL - 2024-03-28 21:24:32 --> Unknown column 'identificador' in 'where clause'
in SYSTEMPATH\Database\BaseConnection.php on line 647.
 1 SYSTEMPATH\Database\BaseBuilder.php(1615): CodeIgniter\Database\BaseConnection->query('SELECT 1
FROM `usuarios`
WHERE `identificador` = :identificador:
 LIMIT 1', [...], false)
 2 SYSTEMPATH\Validation\StrictRules\Rules.php(212): CodeIgniter\Database\BaseBuilder->get()
 3 SYSTEMPATH\Validation\Validation.php(311): CodeIgniter\Validation\StrictRules\Rules->is_unique('20TE0422', 'identificador', [...], null, 'identificador')
 4 SYSTEMPATH\Validation\Validation.php(197): CodeIgniter\Validation\Validation->processRules('identificador', 'identificador', '20TE0422', [...], [...])
 5 SYSTEMPATH\Controller.php(152): CodeIgniter\Validation\Validation->run()
 6 APPPATH\Controllers\RegistroController.php(53): CodeIgniter\Controller->validate([...])
 7 SYSTEMPATH\CodeIgniter.php(942): App\Controllers\RegistroController->create()
 8 SYSTEMPATH\CodeIgniter.php(502): CodeIgniter\CodeIgniter->runController(Object(App\Controllers\RegistroController))
 9 SYSTEMPATH\CodeIgniter.php(361): CodeIgniter\CodeIgniter->handleRequest(null, Object(Config\Cache), false)
10 FCPATH\index.php(79): CodeIgniter\CodeIgniter->run()
11 SYSTEMPATH\Commands\Server\rewrite.php(47): require_once('C:\\xampp\\htdocs\\sicac\\public\\index.php')
ERROR - 2024-03-28 21:24:40 --> mysqli_sql_exception: Unknown column 'identificador' in 'where clause' in C:\xampp\htdocs\sicac\system\Database\MySQLi\Connection.php:306
Stack trace:
#0 C:\xampp\htdocs\sicac\system\Database\MySQLi\Connection.php(306): mysqli->query('SELECT 1\nFROM `...', 0)
#1 C:\xampp\htdocs\sicac\system\Database\BaseConnection.php(693): CodeIgniter\Database\MySQLi\Connection->execute('SELECT 1\nFROM `...')
#2 C:\xampp\htdocs\sicac\system\Database\BaseConnection.php(607): CodeIgniter\Database\BaseConnection->simpleQuery('SELECT 1\nFROM `...')
#3 C:\xampp\htdocs\sicac\system\Database\BaseBuilder.php(1615): CodeIgniter\Database\BaseConnection->query('SELECT 1\nFROM `...', Array, false)
#4 C:\xampp\htdocs\sicac\system\Validation\StrictRules\Rules.php(212): CodeIgniter\Database\BaseBuilder->get()
#5 C:\xampp\htdocs\sicac\system\Validation\Validation.php(311): CodeIgniter\Validation\StrictRules\Rules->is_unique('20TE0422', 'identificador', Array, NULL, 'identificador')
#6 C:\xampp\htdocs\sicac\system\Validation\Validation.php(197): CodeIgniter\Validation\Validation->processRules('identificador', 'identificador', '20TE0422', Array, Array)
#7 C:\xampp\htdocs\sicac\system\Controller.php(152): CodeIgniter\Validation\Validation->run()
#8 C:\xampp\htdocs\sicac\app\Controllers\RegistroController.php(53): CodeIgniter\Controller->validate(Array)
#9 C:\xampp\htdocs\sicac\system\CodeIgniter.php(942): App\Controllers\RegistroController->create()
#10 C:\xampp\htdocs\sicac\system\CodeIgniter.php(502): CodeIgniter\CodeIgniter->runController(Object(App\Controllers\RegistroController))
#11 C:\xampp\htdocs\sicac\system\CodeIgniter.php(361): CodeIgniter\CodeIgniter->handleRequest(NULL, Object(Config\Cache), false)
#12 C:\xampp\htdocs\sicac\public\index.php(79): CodeIgniter\CodeIgniter->run()
#13 C:\xampp\htdocs\sicac\system\Commands\Server\rewrite.php(47): require_once('C:\\xampp\\htdocs...')
#14 {main}
CRITICAL - 2024-03-28 21:24:40 --> Unknown column 'identificador' in 'where clause'
in SYSTEMPATH\Database\BaseConnection.php on line 647.
 1 SYSTEMPATH\Database\BaseBuilder.php(1615): CodeIgniter\Database\BaseConnection->query('SELECT 1
FROM `usuarios`
WHERE `identificador` = :identificador:
 LIMIT 1', [...], false)
 2 SYSTEMPATH\Validation\StrictRules\Rules.php(212): CodeIgniter\Database\BaseBuilder->get()
 3 SYSTEMPATH\Validation\Validation.php(311): CodeIgniter\Validation\StrictRules\Rules->is_unique('20TE0422', 'identificador', [...], null, 'identificador')
 4 SYSTEMPATH\Validation\Validation.php(197): CodeIgniter\Validation\Validation->processRules('identificador', 'identificador', '20TE0422', [...], [...])
 5 SYSTEMPATH\Controller.php(152): CodeIgniter\Validation\Validation->run()
 6 APPPATH\Controllers\RegistroController.php(53): CodeIgniter\Controller->validate([...])
 7 SYSTEMPATH\CodeIgniter.php(942): App\Controllers\RegistroController->create()
 8 SYSTEMPATH\CodeIgniter.php(502): CodeIgniter\CodeIgniter->runController(Object(App\Controllers\RegistroController))
 9 SYSTEMPATH\CodeIgniter.php(361): CodeIgniter\CodeIgniter->handleRequest(null, Object(Config\Cache), false)
10 FCPATH\index.php(79): CodeIgniter\CodeIgniter->run()
11 SYSTEMPATH\Commands\Server\rewrite.php(47): require_once('C:\\xampp\\htdocs\\sicac\\public\\index.php')
ERROR - 2024-03-28 21:26:23 --> mysqli_sql_exception: Unknown column 'identificador' in 'where clause' in C:\xampp\htdocs\sicac\system\Database\MySQLi\Connection.php:306
Stack trace:
#0 C:\xampp\htdocs\sicac\system\Database\MySQLi\Connection.php(306): mysqli->query('SELECT 1\nFROM `...', 0)
#1 C:\xampp\htdocs\sicac\system\Database\BaseConnection.php(693): CodeIgniter\Database\MySQLi\Connection->execute('SELECT 1\nFROM `...')
#2 C:\xampp\htdocs\sicac\system\Database\BaseConnection.php(607): CodeIgniter\Database\BaseConnection->simpleQuery('SELECT 1\nFROM `...')
#3 C:\xampp\htdocs\sicac\system\Database\BaseBuilder.php(1615): CodeIgniter\Database\BaseConnection->query('SELECT 1\nFROM `...', Array, false)
#4 C:\xampp\htdocs\sicac\system\Validation\StrictRules\Rules.php(212): CodeIgniter\Database\BaseBuilder->get()
#5 C:\xampp\htdocs\sicac\system\Validation\Validation.php(311): CodeIgniter\Validation\StrictRules\Rules->is_unique('20TE0422', 'identificador', Array, NULL, 'identificador')
#6 C:\xampp\htdocs\sicac\system\Validation\Validation.php(197): CodeIgniter\Validation\Validation->processRules('identificador', 'identificador', '20TE0422', Array, Array)
#7 C:\xampp\htdocs\sicac\system\Controller.php(152): CodeIgniter\Validation\Validation->run()
#8 C:\xampp\htdocs\sicac\app\Controllers\RegistroController.php(53): CodeIgniter\Controller->validate(Array)
#9 C:\xampp\htdocs\sicac\system\CodeIgniter.php(942): App\Controllers\RegistroController->create()
#10 C:\xampp\htdocs\sicac\system\CodeIgniter.php(502): CodeIgniter\CodeIgniter->runController(Object(App\Controllers\RegistroController))
#11 C:\xampp\htdocs\sicac\system\CodeIgniter.php(361): CodeIgniter\CodeIgniter->handleRequest(NULL, Object(Config\Cache), false)
#12 C:\xampp\htdocs\sicac\public\index.php(79): CodeIgniter\CodeIgniter->run()
#13 C:\xampp\htdocs\sicac\system\Commands\Server\rewrite.php(47): require_once('C:\\xampp\\htdocs...')
#14 {main}
CRITICAL - 2024-03-28 21:26:23 --> Unknown column 'identificador' in 'where clause'
in SYSTEMPATH\Database\BaseConnection.php on line 647.
 1 SYSTEMPATH\Database\BaseBuilder.php(1615): CodeIgniter\Database\BaseConnection->query('SELECT 1
FROM `usuarios`
WHERE `identificador` = :identificador:
 LIMIT 1', [...], false)
 2 SYSTEMPATH\Validation\StrictRules\Rules.php(212): CodeIgniter\Database\BaseBuilder->get()
 3 SYSTEMPATH\Validation\Validation.php(311): CodeIgniter\Validation\StrictRules\Rules->is_unique('20TE0422', 'identificador', [...], null, 'identificador')
 4 SYSTEMPATH\Validation\Validation.php(197): CodeIgniter\Validation\Validation->processRules('identificador', 'identificador', '20TE0422', [...], [...])
 5 SYSTEMPATH\Controller.php(152): CodeIgniter\Validation\Validation->run()
 6 APPPATH\Controllers\RegistroController.php(53): CodeIgniter\Controller->validate([...])
 7 SYSTEMPATH\CodeIgniter.php(942): App\Controllers\RegistroController->create()
 8 SYSTEMPATH\CodeIgniter.php(502): CodeIgniter\CodeIgniter->runController(Object(App\Controllers\RegistroController))
 9 SYSTEMPATH\CodeIgniter.php(361): CodeIgniter\CodeIgniter->handleRequest(null, Object(Config\Cache), false)
10 FCPATH\index.php(79): CodeIgniter\CodeIgniter->run()
11 SYSTEMPATH\Commands\Server\rewrite.php(47): require_once('C:\\xampp\\htdocs\\sicac\\public\\index.php')
ERROR - 2024-03-28 21:29:59 --> mysqli_sql_exception: Unknown column 'identificador' in 'where clause' in C:\xampp\htdocs\sicac\system\Database\MySQLi\Connection.php:306
Stack trace:
#0 C:\xampp\htdocs\sicac\system\Database\MySQLi\Connection.php(306): mysqli->query('SELECT 1\nFROM `...', 0)
#1 C:\xampp\htdocs\sicac\system\Database\BaseConnection.php(693): CodeIgniter\Database\MySQLi\Connection->execute('SELECT 1\nFROM `...')
#2 C:\xampp\htdocs\sicac\system\Database\BaseConnection.php(607): CodeIgniter\Database\BaseConnection->simpleQuery('SELECT 1\nFROM `...')
#3 C:\xampp\htdocs\sicac\system\Database\BaseBuilder.php(1615): CodeIgniter\Database\BaseConnection->query('SELECT 1\nFROM `...', Array, false)
#4 C:\xampp\htdocs\sicac\system\Validation\StrictRules\Rules.php(212): CodeIgniter\Database\BaseBuilder->get()
#5 C:\xampp\htdocs\sicac\system\Validation\Validation.php(311): CodeIgniter\Validation\StrictRules\Rules->is_unique('20TE0422', 'identificador', Array, NULL, 'identificador')
#6 C:\xampp\htdocs\sicac\system\Validation\Validation.php(197): CodeIgniter\Validation\Validation->processRules('identificador', 'identificador', '20TE0422', Array, Array)
#7 C:\xampp\htdocs\sicac\system\Controller.php(152): CodeIgniter\Validation\Validation->run()
#8 C:\xampp\htdocs\sicac\app\Controllers\RegistroController.php(53): CodeIgniter\Controller->validate(Array)
#9 C:\xampp\htdocs\sicac\system\CodeIgniter.php(942): App\Controllers\RegistroController->create()
#10 C:\xampp\htdocs\sicac\system\CodeIgniter.php(502): CodeIgniter\CodeIgniter->runController(Object(App\Controllers\RegistroController))
#11 C:\xampp\htdocs\sicac\system\CodeIgniter.php(361): CodeIgniter\CodeIgniter->handleRequest(NULL, Object(Config\Cache), false)
#12 C:\xampp\htdocs\sicac\public\index.php(79): CodeIgniter\CodeIgniter->run()
#13 C:\xampp\htdocs\sicac\system\Commands\Server\rewrite.php(47): require_once('C:\\xampp\\htdocs...')
#14 {main}
CRITICAL - 2024-03-28 21:29:59 --> Unknown column 'identificador' in 'where clause'
in SYSTEMPATH\Database\BaseConnection.php on line 647.
 1 SYSTEMPATH\Database\BaseBuilder.php(1615): CodeIgniter\Database\BaseConnection->query('SELECT 1
FROM `usuarios`
WHERE `identificador` = :identificador:
 LIMIT 1', [...], false)
 2 SYSTEMPATH\Validation\StrictRules\Rules.php(212): CodeIgniter\Database\BaseBuilder->get()
 3 SYSTEMPATH\Validation\Validation.php(311): CodeIgniter\Validation\StrictRules\Rules->is_unique('20TE0422', 'identificador', [...], null, 'identificador')
 4 SYSTEMPATH\Validation\Validation.php(197): CodeIgniter\Validation\Validation->processRules('identificador', 'identificador', '20TE0422', [...], [...])
 5 SYSTEMPATH\Controller.php(152): CodeIgniter\Validation\Validation->run()
 6 APPPATH\Controllers\RegistroController.php(53): CodeIgniter\Controller->validate([...])
 7 SYSTEMPATH\CodeIgniter.php(942): App\Controllers\RegistroController->create()
 8 SYSTEMPATH\CodeIgniter.php(502): CodeIgniter\CodeIgniter->runController(Object(App\Controllers\RegistroController))
 9 SYSTEMPATH\CodeIgniter.php(361): CodeIgniter\CodeIgniter->handleRequest(null, Object(Config\Cache), false)
10 FCPATH\index.php(79): CodeIgniter\CodeIgniter->run()
11 SYSTEMPATH\Commands\Server\rewrite.php(47): require_once('C:\\xampp\\htdocs\\sicac\\public\\index.php')
INFO - 2024-03-28 21:42:18 --> Session: Class initialized using 'CodeIgniter\Session\Handlers\FileHandler' driver.
INFO - 2024-03-28 21:44:06 --> Session: Class initialized using 'CodeIgniter\Session\Handlers\FileHandler' driver.
INFO - 2024-03-28 21:44:13 --> Session: Class initialized using 'CodeIgniter\Session\Handlers\FileHandler' driver.
ERROR - 2024-03-28 21:44:13 --> mysqli_sql_exception: Unknown column 'identificador' in 'where clause' in C:\xampp\htdocs\sicac\system\Database\MySQLi\Connection.php:306
Stack trace:
#0 C:\xampp\htdocs\sicac\system\Database\MySQLi\Connection.php(306): mysqli->query('SELECT *\nFROM `...', 0)
#1 C:\xampp\htdocs\sicac\system\Database\BaseConnection.php(693): CodeIgniter\Database\MySQLi\Connection->execute('SELECT *\nFROM `...')
#2 C:\xampp\htdocs\sicac\system\Database\BaseConnection.php(607): CodeIgniter\Database\BaseConnection->simpleQuery('SELECT *\nFROM `...')
#3 C:\xampp\htdocs\sicac\system\Database\BaseBuilder.php(1615): CodeIgniter\Database\BaseConnection->query('SELECT *\nFROM `...', Array, false)
#4 C:\xampp\htdocs\sicac\system\Model.php(264): CodeIgniter\Database\BaseBuilder->get()
#5 C:\xampp\htdocs\sicac\system\BaseModel.php(662): CodeIgniter\Model->doFirst()
#6 C:\xampp\htdocs\sicac\app\Validation\Userrules.php(11): CodeIgniter\BaseModel->first()
#7 C:\xampp\htdocs\sicac\system\Validation\Validation.php(311): App\Validation\Userrules->validateUser('12345678', 'identificador,p...', Array, NULL, 'password')
#8 C:\xampp\htdocs\sicac\system\Validation\Validation.php(197): CodeIgniter\Validation\Validation->processRules('password', 'password', '12345678', Array, Array)
#9 C:\xampp\htdocs\sicac\system\Controller.php(152): CodeIgniter\Validation\Validation->run()
#10 C:\xampp\htdocs\sicac\app\Controllers\UserController.php(28): CodeIgniter\Controller->validate(Array, Array)
#11 C:\xampp\htdocs\sicac\system\CodeIgniter.php(942): App\Controllers\UserController->login()
#12 C:\xampp\htdocs\sicac\system\CodeIgniter.php(502): CodeIgniter\CodeIgniter->runController(Object(App\Controllers\UserController))
#13 C:\xampp\htdocs\sicac\system\CodeIgniter.php(361): CodeIgniter\CodeIgniter->handleRequest(NULL, Object(Config\Cache), false)
#14 C:\xampp\htdocs\sicac\public\index.php(79): CodeIgniter\CodeIgniter->run()
#15 C:\xampp\htdocs\sicac\system\Commands\Server\rewrite.php(47): require_once('C:\\xampp\\htdocs...')
#16 {main}
CRITICAL - 2024-03-28 21:44:13 --> Unknown column 'identificador' in 'where clause'
in SYSTEMPATH\Database\BaseConnection.php on line 647.
 1 SYSTEMPATH\Database\BaseBuilder.php(1615): CodeIgniter\Database\BaseConnection->query('SELECT *
FROM `usuarios`
WHERE `identificador` = :identificador:
 LIMIT 1', [...], false)
 2 SYSTEMPATH\Model.php(264): CodeIgniter\Database\BaseBuilder->get()
 3 SYSTEMPATH\BaseModel.php(662): CodeIgniter\Model->doFirst()
 4 APPPATH\Validation\Userrules.php(11): CodeIgniter\BaseModel->first()
 5 SYSTEMPATH\Validation\Validation.php(311): App\Validation\Userrules->validateUser('12345678', 'identificador,password', [...], null, 'password')
 6 SYSTEMPATH\Validation\Validation.php(197): CodeIgniter\Validation\Validation->processRules('password', 'password', '12345678', [...], [...])
 7 SYSTEMPATH\Controller.php(152): CodeIgniter\Validation\Validation->run()
 8 APPPATH\Controllers\UserController.php(28): CodeIgniter\Controller->validate([...], [...])
 9 SYSTEMPATH\CodeIgniter.php(942): App\Controllers\UserController->login()
10 SYSTEMPATH\CodeIgniter.php(502): CodeIgniter\CodeIgniter->runController(Object(App\Controllers\UserController))
11 SYSTEMPATH\CodeIgniter.php(361): CodeIgniter\CodeIgniter->handleRequest(null, Object(Config\Cache), false)
12 FCPATH\index.php(79): CodeIgniter\CodeIgniter->run()
13 SYSTEMPATH\Commands\Server\rewrite.php(47): require_once('C:\\xampp\\htdocs\\sicac\\public\\index.php')
INFO - 2024-03-28 21:46:27 --> Session: Class initialized using 'CodeIgniter\Session\Handlers\FileHandler' driver.
INFO - 2024-03-28 21:46:39 --> Session: Class initialized using 'CodeIgniter\Session\Handlers\FileHandler' driver.
INFO - 2024-03-28 21:46:46 --> Session: Class initialized using 'CodeIgniter\Session\Handlers\FileHandler' driver.
CRITICAL - 2024-03-28 21:46:46 --> Undefined array key "identificador"
in APPPATH\Validation\Userrules.php on line 11.
 1 APPPATH\Validation\Userrules.php(11): CodeIgniter\Debug\Exceptions->errorHandler(2, 'Undefined array key "identificador"', 'C:\\xampp\\htdocs\\sicac\\app\\Validation\\Userrules.php', 11)
 2 SYSTEMPATH\Validation\Validation.php(311): App\Validation\Userrules->validateUser('12345678', 'identificador,password', [...], null, 'password')
 3 SYSTEMPATH\Validation\Validation.php(197): CodeIgniter\Validation\Validation->processRules('password', 'password', '12345678', [...], [...])
 4 SYSTEMPATH\Controller.php(152): CodeIgniter\Validation\Validation->run()
 5 APPPATH\Controllers\UserController.php(28): CodeIgniter\Controller->validate([...], [...])
 6 SYSTEMPATH\CodeIgniter.php(942): App\Controllers\UserController->login()
 7 SYSTEMPATH\CodeIgniter.php(502): CodeIgniter\CodeIgniter->runController(Object(App\Controllers\UserController))
 8 SYSTEMPATH\CodeIgniter.php(361): CodeIgniter\CodeIgniter->handleRequest(null, Object(Config\Cache), false)
 9 FCPATH\index.php(79): CodeIgniter\CodeIgniter->run()
10 SYSTEMPATH\Commands\Server\rewrite.php(47): require_once('C:\\xampp\\htdocs\\sicac\\public\\index.php')
INFO - 2024-03-28 21:49:21 --> Session: Class initialized using 'CodeIgniter\Session\Handlers\FileHandler' driver.
CRITICAL - 2024-03-28 21:49:22 --> Undefined array key "identificador"
in APPPATH\Validation\Userrules.php on line 11.
 1 APPPATH\Validation\Userrules.php(11): CodeIgniter\Debug\Exceptions->errorHandler(2, 'Undefined array key "identificador"', 'C:\\xampp\\htdocs\\sicac\\app\\Validation\\Userrules.php', 11)
 2 SYSTEMPATH\Validation\Validation.php(311): App\Validation\Userrules->validateUser('12345678', 'identificador,password', [...], null, 'password')
 3 SYSTEMPATH\Validation\Validation.php(197): CodeIgniter\Validation\Validation->processRules('password', 'password', '12345678', [...], [...])
 4 SYSTEMPATH\Controller.php(152): CodeIgniter\Validation\Validation->run()
 5 APPPATH\Controllers\UserController.php(28): CodeIgniter\Controller->validate([...], [...])
 6 SYSTEMPATH\CodeIgniter.php(942): App\Controllers\UserController->login()
 7 SYSTEMPATH\CodeIgniter.php(502): CodeIgniter\CodeIgniter->runController(Object(App\Controllers\UserController))
 8 SYSTEMPATH\CodeIgniter.php(361): CodeIgniter\CodeIgniter->handleRequest(null, Object(Config\Cache), false)
 9 FCPATH\index.php(79): CodeIgniter\CodeIgniter->run()
10 SYSTEMPATH\Commands\Server\rewrite.php(47): require_once('C:\\xampp\\htdocs\\sicac\\public\\index.php')
INFO - 2024-03-28 21:49:24 --> Session: Class initialized using 'CodeIgniter\Session\Handlers\FileHandler' driver.
INFO - 2024-03-28 21:49:29 --> Session: Class initialized using 'CodeIgniter\Session\Handlers\FileHandler' driver.
ERROR - 2024-03-28 21:49:29 --> mysqli_sql_exception: Unknown column 'identificador' in 'where clause' in C:\xampp\htdocs\sicac\system\Database\MySQLi\Connection.php:306
Stack trace:
#0 C:\xampp\htdocs\sicac\system\Database\MySQLi\Connection.php(306): mysqli->query('SELECT *\nFROM `...', 0)
#1 C:\xampp\htdocs\sicac\system\Database\BaseConnection.php(693): CodeIgniter\Database\MySQLi\Connection->execute('SELECT *\nFROM `...')
#2 C:\xampp\htdocs\sicac\system\Database\BaseConnection.php(607): CodeIgniter\Database\BaseConnection->simpleQuery('SELECT *\nFROM `...')
#3 C:\xampp\htdocs\sicac\system\Database\BaseBuilder.php(1615): CodeIgniter\Database\BaseConnection->query('SELECT *\nFROM `...', Array, false)
#4 C:\xampp\htdocs\sicac\system\Model.php(264): CodeIgniter\Database\BaseBuilder->get()
#5 C:\xampp\htdocs\sicac\system\BaseModel.php(662): CodeIgniter\Model->doFirst()
#6 C:\xampp\htdocs\sicac\app\Validation\Userrules.php(11): CodeIgniter\BaseModel->first()
#7 C:\xampp\htdocs\sicac\system\Validation\Validation.php(311): App\Validation\Userrules->validateUser('12345678', 'identificador,p...', Array, NULL, 'password')
#8 C:\xampp\htdocs\sicac\system\Validation\Validation.php(197): CodeIgniter\Validation\Validation->processRules('password', 'password', '12345678', Array, Array)
#9 C:\xampp\htdocs\sicac\system\Controller.php(152): CodeIgniter\Validation\Validation->run()
#10 C:\xampp\htdocs\sicac\app\Controllers\UserController.php(28): CodeIgniter\Controller->validate(Array, Array)
#11 C:\xampp\htdocs\sicac\system\CodeIgniter.php(942): App\Controllers\UserController->login()
#12 C:\xampp\htdocs\sicac\system\CodeIgniter.php(502): CodeIgniter\CodeIgniter->runController(Object(App\Controllers\UserController))
#13 C:\xampp\htdocs\sicac\system\CodeIgniter.php(361): CodeIgniter\CodeIgniter->handleRequest(NULL, Object(Config\Cache), false)
#14 C:\xampp\htdocs\sicac\public\index.php(79): CodeIgniter\CodeIgniter->run()
#15 C:\xampp\htdocs\sicac\system\Commands\Server\rewrite.php(47): require_once('C:\\xampp\\htdocs...')
#16 {main}
CRITICAL - 2024-03-28 21:49:29 --> Unknown column 'identificador' in 'where clause'
in SYSTEMPATH\Database\BaseConnection.php on line 647.
 1 SYSTEMPATH\Database\BaseBuilder.php(1615): CodeIgniter\Database\BaseConnection->query('SELECT *
FROM `usuarios`
WHERE `identificador` = :identificador:
 LIMIT 1', [...], false)
 2 SYSTEMPATH\Model.php(264): CodeIgniter\Database\BaseBuilder->get()
 3 SYSTEMPATH\BaseModel.php(662): CodeIgniter\Model->doFirst()
 4 APPPATH\Validation\Userrules.php(11): CodeIgniter\BaseModel->first()
 5 SYSTEMPATH\Validation\Validation.php(311): App\Validation\Userrules->validateUser('12345678', 'identificador,password', [...], null, 'password')
 6 SYSTEMPATH\Validation\Validation.php(197): CodeIgniter\Validation\Validation->processRules('password', 'password', '12345678', [...], [...])
 7 SYSTEMPATH\Controller.php(152): CodeIgniter\Validation\Validation->run()
 8 APPPATH\Controllers\UserController.php(28): CodeIgniter\Controller->validate([...], [...])
 9 SYSTEMPATH\CodeIgniter.php(942): App\Controllers\UserController->login()
10 SYSTEMPATH\CodeIgniter.php(502): CodeIgniter\CodeIgniter->runController(Object(App\Controllers\UserController))
11 SYSTEMPATH\CodeIgniter.php(361): CodeIgniter\CodeIgniter->handleRequest(null, Object(Config\Cache), false)
12 FCPATH\index.php(79): CodeIgniter\CodeIgniter->run()
13 SYSTEMPATH\Commands\Server\rewrite.php(47): require_once('C:\\xampp\\htdocs\\sicac\\public\\index.php')
INFO - 2024-03-28 21:49:35 --> Session: Class initialized using 'CodeIgniter\Session\Handlers\FileHandler' driver.
INFO - 2024-03-28 21:50:24 --> Session: Class initialized using 'CodeIgniter\Session\Handlers\FileHandler' driver.
INFO - 2024-03-28 21:50:30 --> Session: Class initialized using 'CodeIgniter\Session\Handlers\FileHandler' driver.
CRITICAL - 2024-03-28 21:50:30 --> Undefined array key "identificador"
in APPPATH\Validation\Userrules.php on line 11.
 1 APPPATH\Validation\Userrules.php(11): CodeIgniter\Debug\Exceptions->errorHandler(2, 'Undefined array key "identificador"', 'C:\\xampp\\htdocs\\sicac\\app\\Validation\\Userrules.php', 11)
 2 SYSTEMPATH\Validation\Validation.php(311): App\Validation\Userrules->validateUser('12345678', 'identificador,password', [...], null, 'password')
 3 SYSTEMPATH\Validation\Validation.php(197): CodeIgniter\Validation\Validation->processRules('password', 'password', '12345678', [...], [...])
 4 SYSTEMPATH\Controller.php(152): CodeIgniter\Validation\Validation->run()
 5 APPPATH\Controllers\UserController.php(28): CodeIgniter\Controller->validate([...], [...])
 6 SYSTEMPATH\CodeIgniter.php(942): App\Controllers\UserController->login()
 7 SYSTEMPATH\CodeIgniter.php(502): CodeIgniter\CodeIgniter->runController(Object(App\Controllers\UserController))
 8 SYSTEMPATH\CodeIgniter.php(361): CodeIgniter\CodeIgniter->handleRequest(null, Object(Config\Cache), false)
 9 FCPATH\index.php(79): CodeIgniter\CodeIgniter->run()
10 SYSTEMPATH\Commands\Server\rewrite.php(47): require_once('C:\\xampp\\htdocs\\sicac\\public\\index.php')
INFO - 2024-03-28 21:51:39 --> Session: Class initialized using 'CodeIgniter\Session\Handlers\FileHandler' driver.
INFO - 2024-03-28 21:52:24 --> Session: Class initialized using 'CodeIgniter\Session\Handlers\FileHandler' driver.
INFO - 2024-03-28 21:58:13 --> Session: Class initialized using 'CodeIgniter\Session\Handlers\FileHandler' driver.
INFO - 2024-03-28 21:59:19 --> Session: Class initialized using 'CodeIgniter\Session\Handlers\FileHandler' driver.
INFO - 2024-03-28 21:59:26 --> Session: Class initialized using 'CodeIgniter\Session\Handlers\FileHandler' driver.
CRITICAL - 2024-03-28 21:59:26 --> Undefined array key "identificador"
in APPPATH\Validation\Userrules.php on line 11.
 1 APPPATH\Validation\Userrules.php(11): CodeIgniter\Debug\Exceptions->errorHandler(2, 'Undefined array key "identificador"', 'C:\\xampp\\htdocs\\sicac\\app\\Validation\\Userrules.php', 11)
 2 SYSTEMPATH\Validation\Validation.php(311): App\Validation\Userrules->validateUser('12345678', 'identificador,password', [...], null, 'password')
 3 SYSTEMPATH\Validation\Validation.php(197): CodeIgniter\Validation\Validation->processRules('password', 'password', '12345678', [...], [...])
 4 SYSTEMPATH\Controller.php(152): CodeIgniter\Validation\Validation->run()
 5 APPPATH\Controllers\UserController.php(28): CodeIgniter\Controller->validate([...], [...])
 6 SYSTEMPATH\CodeIgniter.php(942): App\Controllers\UserController->login()
 7 SYSTEMPATH\CodeIgniter.php(502): CodeIgniter\CodeIgniter->runController(Object(App\Controllers\UserController))
 8 SYSTEMPATH\CodeIgniter.php(361): CodeIgniter\CodeIgniter->handleRequest(null, Object(Config\Cache), false)
 9 FCPATH\index.php(79): CodeIgniter\CodeIgniter->run()
10 SYSTEMPATH\Commands\Server\rewrite.php(47): require_once('C:\\xampp\\htdocs\\sicac\\public\\index.php')
INFO - 2024-03-28 22:00:19 --> Session: Class initialized using 'CodeIgniter\Session\Handlers\FileHandler' driver.
INFO - 2024-03-28 22:00:21 --> Session: Class initialized using 'CodeIgniter\Session\Handlers\FileHandler' driver.
INFO - 2024-03-28 22:00:28 --> Session: Class initialized using 'CodeIgniter\Session\Handlers\FileHandler' driver.
CRITICAL - 2024-03-28 22:00:28 --> Undefined array key "identificador"
in APPPATH\Validation\Userrules.php on line 11.
 1 APPPATH\Validation\Userrules.php(11): CodeIgniter\Debug\Exceptions->errorHandler(2, 'Undefined array key "identificador"', 'C:\\xampp\\htdocs\\sicac\\app\\Validation\\Userrules.php', 11)
 2 SYSTEMPATH\Validation\Validation.php(311): App\Validation\Userrules->validateUser('12345678', 'identificador,password', [...], null, 'password')
 3 SYSTEMPATH\Validation\Validation.php(197): CodeIgniter\Validation\Validation->processRules('password', 'password', '12345678', [...], [...])
 4 SYSTEMPATH\Controller.php(152): CodeIgniter\Validation\Validation->run()
 5 APPPATH\Controllers\UserController.php(28): CodeIgniter\Controller->validate([...], [...])
 6 SYSTEMPATH\CodeIgniter.php(942): App\Controllers\UserController->login()
 7 SYSTEMPATH\CodeIgniter.php(502): CodeIgniter\CodeIgniter->runController(Object(App\Controllers\UserController))
 8 SYSTEMPATH\CodeIgniter.php(361): CodeIgniter\CodeIgniter->handleRequest(null, Object(Config\Cache), false)
 9 FCPATH\index.php(79): CodeIgniter\CodeIgniter->run()
10 SYSTEMPATH\Commands\Server\rewrite.php(47): require_once('C:\\xampp\\htdocs\\sicac\\public\\index.php')
INFO - 2024-03-28 22:01:04 --> Session: Class initialized using 'CodeIgniter\Session\Handlers\FileHandler' driver.
CRITICAL - 2024-03-28 22:01:04 --> Undefined array key "identificador"
in APPPATH\Validation\Userrules.php on line 11.
 1 APPPATH\Validation\Userrules.php(11): CodeIgniter\Debug\Exceptions->errorHandler(2, 'Undefined array key "identificador"', 'C:\\xampp\\htdocs\\sicac\\app\\Validation\\Userrules.php', 11)
 2 SYSTEMPATH\Validation\Validation.php(311): App\Validation\Userrules->validateUser('12345678', 'identificador,password', [...], null, 'password')
 3 SYSTEMPATH\Validation\Validation.php(197): CodeIgniter\Validation\Validation->processRules('password', 'password', '12345678', [...], [...])
 4 SYSTEMPATH\Controller.php(152): CodeIgniter\Validation\Validation->run()
 5 APPPATH\Controllers\UserController.php(28): CodeIgniter\Controller->validate([...], [...])
 6 SYSTEMPATH\CodeIgniter.php(942): App\Controllers\UserController->login()
 7 SYSTEMPATH\CodeIgniter.php(502): CodeIgniter\CodeIgniter->runController(Object(App\Controllers\UserController))
 8 SYSTEMPATH\CodeIgniter.php(361): CodeIgniter\CodeIgniter->handleRequest(null, Object(Config\Cache), false)
 9 FCPATH\index.php(79): CodeIgniter\CodeIgniter->run()
10 SYSTEMPATH\Commands\Server\rewrite.php(47): require_once('C:\\xampp\\htdocs\\sicac\\public\\index.php')
INFO - 2024-03-28 22:03:46 --> Session: Class initialized using 'CodeIgniter\Session\Handlers\FileHandler' driver.
INFO - 2024-03-28 22:03:48 --> Session: Class initialized using 'CodeIgniter\Session\Handlers\FileHandler' driver.
INFO - 2024-03-28 22:03:58 --> Session: Class initialized using 'CodeIgniter\Session\Handlers\FileHandler' driver.
INFO - 2024-03-28 22:04:00 --> Session: Class initialized using 'CodeIgniter\Session\Handlers\FileHandler' driver.
INFO - 2024-03-28 22:04:06 --> Session: Class initialized using 'CodeIgniter\Session\Handlers\FileHandler' driver.
INFO - 2024-03-28 22:05:24 --> Session: Class initialized using 'CodeIgniter\Session\Handlers\FileHandler' driver.
