INFO - 2024-04-27 16:59:00 --> Session: Class initialized using 'CodeIgniter\Session\Handlers\FileHandler' driver.
INFO - 2024-04-27 16:59:24 --> Session: Class initialized using 'CodeIgniter\Session\Handlers\FileHandler' driver.
INFO - 2024-04-27 16:59:24 --> Session: Class initialized using 'CodeIgniter\Session\Handlers\FileHandler' driver.
INFO - 2024-04-27 17:15:11 --> Session: Class initialized using 'CodeIgniter\Session\Handlers\FileHandler' driver.
INFO - 2024-04-27 17:20:17 --> Session: Class initialized using 'CodeIgniter\Session\Handlers\FileHandler' driver.
INFO - 2024-04-27 17:20:33 --> Session: Class initialized using 'CodeIgniter\Session\Handlers\FileHandler' driver.
INFO - 2024-04-27 17:34:00 --> Session: Class initialized using 'CodeIgniter\Session\Handlers\FileHandler' driver.
INFO - 2024-04-27 17:35:21 --> Session: Class initialized using 'CodeIgniter\Session\Handlers\FileHandler' driver.
CRITICAL - 2024-04-27 17:35:21 --> Undefined variable $nombres
in APPPATH\Views\jefedecarrera\dashboard.php on line 16.
 1 APPPATH\Views\jefedecarrera\dashboard.php(16): CodeIgniter\Debug\Exceptions->errorHandler(2, 'Undefined variable $nombres', 'C:\\xampp\\htdocs\\sicac\\sicac\\app\\Views\\jefedecarrera\\dashboard.php', 16)
 2 SYSTEMPATH\View\View.php(228): include('C:\\xampp\\htdocs\\sicac\\sicac\\app\\Views\\jefedecarrera\\dashboard.php')
 3 SYSTEMPATH\View\View.php(231): CodeIgniter\View\View->CodeIgniter\View\{closure}()
 4 SYSTEMPATH\Common.php(1190): CodeIgniter\View\View->render('jefedecarrera/dashboard', [], true)
 5 APPPATH\Controllers\JefeCarrera\JefeCarreraController.php(32): view('jefedecarrera/dashboard', [...])
 6 SYSTEMPATH\CodeIgniter.php(942): App\Controllers\JefeCarrera\JefeCarreraController->index()
 7 SYSTEMPATH\CodeIgniter.php(502): CodeIgniter\CodeIgniter->runController(Object(App\Controllers\JefeCarrera\JefeCarreraController))
 8 SYSTEMPATH\CodeIgniter.php(361): CodeIgniter\CodeIgniter->handleRequest(null, Object(Config\Cache), false)
 9 FCPATH\index.php(79): CodeIgniter\CodeIgniter->run()
10 SYSTEMPATH\Commands\Server\rewrite.php(47): require_once('C:\\xampp\\htdocs\\sicac\\sicac\\public\\index.php')
INFO - 2024-04-27 17:35:56 --> Session: Class initialized using 'CodeIgniter\Session\Handlers\FileHandler' driver.
CRITICAL - 2024-04-27 17:35:56 --> Undefined variable $clave
in APPPATH\Views\jefedecarrera\dashboard.php on line 16.
 1 APPPATH\Views\jefedecarrera\dashboard.php(16): CodeIgniter\Debug\Exceptions->errorHandler(2, 'Undefined variable $clave', 'C:\\xampp\\htdocs\\sicac\\sicac\\app\\Views\\jefedecarrera\\dashboard.php', 16)
 2 SYSTEMPATH\View\View.php(228): include('C:\\xampp\\htdocs\\sicac\\sicac\\app\\Views\\jefedecarrera\\dashboard.php')
 3 SYSTEMPATH\View\View.php(231): CodeIgniter\View\View->CodeIgniter\View\{closure}()
 4 SYSTEMPATH\Common.php(1190): CodeIgniter\View\View->render('jefedecarrera/dashboard', [], true)
 5 APPPATH\Controllers\JefeCarrera\JefeCarreraController.php(32): view('jefedecarrera/dashboard', [...])
 6 SYSTEMPATH\CodeIgniter.php(942): App\Controllers\JefeCarrera\JefeCarreraController->index()
 7 SYSTEMPATH\CodeIgniter.php(502): CodeIgniter\CodeIgniter->runController(Object(App\Controllers\JefeCarrera\JefeCarreraController))
 8 SYSTEMPATH\CodeIgniter.php(361): CodeIgniter\CodeIgniter->handleRequest(null, Object(Config\Cache), false)
 9 FCPATH\index.php(79): CodeIgniter\CodeIgniter->run()
10 SYSTEMPATH\Commands\Server\rewrite.php(47): require_once('C:\\xampp\\htdocs\\sicac\\sicac\\public\\index.php')
INFO - 2024-04-27 17:37:27 --> Session: Class initialized using 'CodeIgniter\Session\Handlers\FileHandler' driver.
CRITICAL - 2024-04-27 17:37:27 --> Undefined variable $claves
in APPPATH\Views\jefedecarrera\dashboard.php on line 16.
 1 APPPATH\Views\jefedecarrera\dashboard.php(16): CodeIgniter\Debug\Exceptions->errorHandler(2, 'Undefined variable $claves', 'C:\\xampp\\htdocs\\sicac\\sicac\\app\\Views\\jefedecarrera\\dashboard.php', 16)
 2 SYSTEMPATH\View\View.php(228): include('C:\\xampp\\htdocs\\sicac\\sicac\\app\\Views\\jefedecarrera\\dashboard.php')
 3 SYSTEMPATH\View\View.php(231): CodeIgniter\View\View->CodeIgniter\View\{closure}()
 4 SYSTEMPATH\Common.php(1190): CodeIgniter\View\View->render('jefedecarrera/dashboard', [], true)
 5 APPPATH\Controllers\JefeCarrera\JefeCarreraController.php(32): view('jefedecarrera/dashboard', [...])
 6 SYSTEMPATH\CodeIgniter.php(942): App\Controllers\JefeCarrera\JefeCarreraController->index()
 7 SYSTEMPATH\CodeIgniter.php(502): CodeIgniter\CodeIgniter->runController(Object(App\Controllers\JefeCarrera\JefeCarreraController))
 8 SYSTEMPATH\CodeIgniter.php(361): CodeIgniter\CodeIgniter->handleRequest(null, Object(Config\Cache), false)
 9 FCPATH\index.php(79): CodeIgniter\CodeIgniter->run()
10 SYSTEMPATH\Commands\Server\rewrite.php(47): require_once('C:\\xampp\\htdocs\\sicac\\sicac\\public\\index.php')
INFO - 2024-04-27 17:38:28 --> Session: Class initialized using 'CodeIgniter\Session\Handlers\FileHandler' driver.
CRITICAL - 2024-04-27 17:38:28 --> Undefined array key "valor"
in APPPATH\Controllers\JefeCarrera\JefeCarreraController.php on line 24.
 1 APPPATH\Controllers\JefeCarrera\JefeCarreraController.php(24): CodeIgniter\Debug\Exceptions->errorHandler(2, 'Undefined array key "valor"', 'C:\\xampp\\htdocs\\sicac\\sicac\\app\\Controllers\\JefeCarrera\\JefeCarreraController.php', 24)
 2 SYSTEMPATH\CodeIgniter.php(942): App\Controllers\JefeCarrera\JefeCarreraController->index()
 3 SYSTEMPATH\CodeIgniter.php(502): CodeIgniter\CodeIgniter->runController(Object(App\Controllers\JefeCarrera\JefeCarreraController))
 4 SYSTEMPATH\CodeIgniter.php(361): CodeIgniter\CodeIgniter->handleRequest(null, Object(Config\Cache), false)
 5 FCPATH\index.php(79): CodeIgniter\CodeIgniter->run()
 6 SYSTEMPATH\Commands\Server\rewrite.php(47): require_once('C:\\xampp\\htdocs\\sicac\\sicac\\public\\index.php')
INFO - 2024-04-27 17:38:38 --> Session: Class initialized using 'CodeIgniter\Session\Handlers\FileHandler' driver.
CRITICAL - 2024-04-27 17:38:38 --> Undefined array key "valor"
in APPPATH\Controllers\JefeCarrera\JefeCarreraController.php on line 24.
 1 APPPATH\Controllers\JefeCarrera\JefeCarreraController.php(24): CodeIgniter\Debug\Exceptions->errorHandler(2, 'Undefined array key "valor"', 'C:\\xampp\\htdocs\\sicac\\sicac\\app\\Controllers\\JefeCarrera\\JefeCarreraController.php', 24)
 2 SYSTEMPATH\CodeIgniter.php(942): App\Controllers\JefeCarrera\JefeCarreraController->index()
 3 SYSTEMPATH\CodeIgniter.php(502): CodeIgniter\CodeIgniter->runController(Object(App\Controllers\JefeCarrera\JefeCarreraController))
 4 SYSTEMPATH\CodeIgniter.php(361): CodeIgniter\CodeIgniter->handleRequest(null, Object(Config\Cache), false)
 5 FCPATH\index.php(79): CodeIgniter\CodeIgniter->run()
 6 SYSTEMPATH\Commands\Server\rewrite.php(47): require_once('C:\\xampp\\htdocs\\sicac\\sicac\\public\\index.php')
INFO - 2024-04-27 17:41:22 --> Session: Class initialized using 'CodeIgniter\Session\Handlers\FileHandler' driver.
INFO - 2024-04-27 17:48:05 --> Session: Class initialized using 'CodeIgniter\Session\Handlers\FileHandler' driver.
INFO - 2024-04-27 17:48:56 --> Session: Class initialized using 'CodeIgniter\Session\Handlers\FileHandler' driver.
INFO - 2024-04-27 17:49:16 --> Session: Class initialized using 'CodeIgniter\Session\Handlers\FileHandler' driver.
INFO - 2024-04-27 17:49:18 --> Session: Class initialized using 'CodeIgniter\Session\Handlers\FileHandler' driver.
INFO - 2024-04-27 17:49:26 --> Session: Class initialized using 'CodeIgniter\Session\Handlers\FileHandler' driver.
INFO - 2024-04-27 17:49:34 --> Session: Class initialized using 'CodeIgniter\Session\Handlers\FileHandler' driver.
INFO - 2024-04-27 17:50:15 --> Session: Class initialized using 'CodeIgniter\Session\Handlers\FileHandler' driver.
INFO - 2024-04-27 17:50:22 --> Session: Class initialized using 'CodeIgniter\Session\Handlers\FileHandler' driver.
INFO - 2024-04-27 17:50:32 --> Session: Class initialized using 'CodeIgniter\Session\Handlers\FileHandler' driver.
INFO - 2024-04-27 17:51:41 --> Session: Class initialized using 'CodeIgniter\Session\Handlers\FileHandler' driver.
INFO - 2024-04-27 17:51:52 --> Session: Class initialized using 'CodeIgniter\Session\Handlers\FileHandler' driver.
INFO - 2024-04-27 17:53:34 --> Session: Class initialized using 'CodeIgniter\Session\Handlers\FileHandler' driver.
INFO - 2024-04-27 17:55:04 --> Session: Class initialized using 'CodeIgniter\Session\Handlers\FileHandler' driver.
INFO - 2024-04-27 17:55:17 --> Session: Class initialized using 'CodeIgniter\Session\Handlers\FileHandler' driver.
INFO - 2024-04-27 17:55:22 --> Session: Class initialized using 'CodeIgniter\Session\Handlers\FileHandler' driver.
INFO - 2024-04-27 18:04:21 --> Session: Class initialized using 'CodeIgniter\Session\Handlers\FileHandler' driver.
INFO - 2024-04-27 18:04:45 --> Session: Class initialized using 'CodeIgniter\Session\Handlers\FileHandler' driver.
INFO - 2024-04-27 21:43:31 --> Session: Class initialized using 'CodeIgniter\Session\Handlers\FileHandler' driver.
INFO - 2024-04-27 21:43:31 --> Session: Class initialized using 'CodeIgniter\Session\Handlers\FileHandler' driver.
INFO - 2024-04-27 21:44:14 --> Session: Class initialized using 'CodeIgniter\Session\Handlers\FileHandler' driver.
INFO - 2024-04-27 21:45:01 --> Session: Class initialized using 'CodeIgniter\Session\Handlers\FileHandler' driver.
INFO - 2024-04-27 21:45:21 --> Session: Class initialized using 'CodeIgniter\Session\Handlers\FileHandler' driver.
INFO - 2024-04-27 21:45:39 --> Session: Class initialized using 'CodeIgniter\Session\Handlers\FileHandler' driver.
INFO - 2024-04-27 21:45:55 --> Session: Class initialized using 'CodeIgniter\Session\Handlers\FileHandler' driver.
INFO - 2024-04-27 21:49:09 --> Session: Class initialized using 'CodeIgniter\Session\Handlers\FileHandler' driver.
INFO - 2024-04-27 21:49:29 --> Session: Class initialized using 'CodeIgniter\Session\Handlers\FileHandler' driver.
INFO - 2024-04-27 21:49:39 --> Session: Class initialized using 'CodeIgniter\Session\Handlers\FileHandler' driver.
INFO - 2024-04-27 21:54:17 --> Session: Class initialized using 'CodeIgniter\Session\Handlers\FileHandler' driver.
CRITICAL - 2024-04-27 21:54:17 --> Call to undefined method App\Models\JefeCarreraModel::obtener_datos_atributos_por_clave
in SYSTEMPATH\Model.php on line 873.
 1 APPPATH\Controllers\JefeCarrera\JefeCarreraController.php(19): CodeIgniter\Model->__call('obtener_datos_atributos_por_clave', [...])
 2 SYSTEMPATH\CodeIgniter.php(942): App\Controllers\JefeCarrera\JefeCarreraController->index()
 3 SYSTEMPATH\CodeIgniter.php(502): CodeIgniter\CodeIgniter->runController(Object(App\Controllers\JefeCarrera\JefeCarreraController))
 4 SYSTEMPATH\CodeIgniter.php(361): CodeIgniter\CodeIgniter->handleRequest(null, Object(Config\Cache), false)
 5 FCPATH\index.php(79): CodeIgniter\CodeIgniter->run()
 6 SYSTEMPATH\Commands\Server\rewrite.php(47): require_once('C:\\xampp\\htdocs\\sicac\\sicac\\public\\index.php')
INFO - 2024-04-27 21:54:25 --> Session: Class initialized using 'CodeIgniter\Session\Handlers\FileHandler' driver.
CRITICAL - 2024-04-27 21:54:25 --> Call to undefined method App\Models\JefeCarreraModel::obtener_datos_atributos_por_clave
in SYSTEMPATH\Model.php on line 873.
 1 APPPATH\Controllers\JefeCarrera\JefeCarreraController.php(19): CodeIgniter\Model->__call('obtener_datos_atributos_por_clave', [...])
 2 SYSTEMPATH\CodeIgniter.php(942): App\Controllers\JefeCarrera\JefeCarreraController->index()
 3 SYSTEMPATH\CodeIgniter.php(502): CodeIgniter\CodeIgniter->runController(Object(App\Controllers\JefeCarrera\JefeCarreraController))
 4 SYSTEMPATH\CodeIgniter.php(361): CodeIgniter\CodeIgniter->handleRequest(null, Object(Config\Cache), false)
 5 FCPATH\index.php(79): CodeIgniter\CodeIgniter->run()
 6 SYSTEMPATH\Commands\Server\rewrite.php(47): require_once('C:\\xampp\\htdocs\\sicac\\sicac\\public\\index.php')
INFO - 2024-04-27 21:54:29 --> Session: Class initialized using 'CodeIgniter\Session\Handlers\FileHandler' driver.
CRITICAL - 2024-04-27 21:54:29 --> Call to undefined method App\Models\JefeCarreraModel::obtener_datos_atributos_por_clave
in SYSTEMPATH\Model.php on line 873.
 1 APPPATH\Controllers\JefeCarrera\JefeCarreraController.php(19): CodeIgniter\Model->__call('obtener_datos_atributos_por_clave', [...])
 2 SYSTEMPATH\CodeIgniter.php(942): App\Controllers\JefeCarrera\JefeCarreraController->index()
 3 SYSTEMPATH\CodeIgniter.php(502): CodeIgniter\CodeIgniter->runController(Object(App\Controllers\JefeCarrera\JefeCarreraController))
 4 SYSTEMPATH\CodeIgniter.php(361): CodeIgniter\CodeIgniter->handleRequest(null, Object(Config\Cache), false)
 5 FCPATH\index.php(79): CodeIgniter\CodeIgniter->run()
 6 SYSTEMPATH\Commands\Server\rewrite.php(47): require_once('C:\\xampp\\htdocs\\sicac\\sicac\\public\\index.php')
INFO - 2024-04-27 21:56:09 --> Session: Class initialized using 'CodeIgniter\Session\Handlers\FileHandler' driver.
CRITICAL - 2024-04-27 21:56:09 --> Undefined variable $claves
in APPPATH\Views\jefedecarrera\dashboard.php on line 16.
 1 APPPATH\Views\jefedecarrera\dashboard.php(16): CodeIgniter\Debug\Exceptions->errorHandler(2, 'Undefined variable $claves', 'C:\\xampp\\htdocs\\sicac\\sicac\\app\\Views\\jefedecarrera\\dashboard.php', 16)
 2 SYSTEMPATH\View\View.php(228): include('C:\\xampp\\htdocs\\sicac\\sicac\\app\\Views\\jefedecarrera\\dashboard.php')
 3 SYSTEMPATH\View\View.php(231): CodeIgniter\View\View->CodeIgniter\View\{closure}()
 4 SYSTEMPATH\Common.php(1190): CodeIgniter\View\View->render('jefedecarrera/dashboard', [], true)
 5 APPPATH\Controllers\JefeCarrera\JefeCarreraController.php(47): view('jefedecarrera/dashboard', [...])
 6 SYSTEMPATH\CodeIgniter.php(942): App\Controllers\JefeCarrera\JefeCarreraController->index()
 7 SYSTEMPATH\CodeIgniter.php(502): CodeIgniter\CodeIgniter->runController(Object(App\Controllers\JefeCarrera\JefeCarreraController))
 8 SYSTEMPATH\CodeIgniter.php(361): CodeIgniter\CodeIgniter->handleRequest(null, Object(Config\Cache), false)
 9 FCPATH\index.php(79): CodeIgniter\CodeIgniter->run()
10 SYSTEMPATH\Commands\Server\rewrite.php(47): require_once('C:\\xampp\\htdocs\\sicac\\sicac\\public\\index.php')
INFO - 2024-04-27 21:56:29 --> Session: Class initialized using 'CodeIgniter\Session\Handlers\FileHandler' driver.
CRITICAL - 2024-04-27 21:56:29 --> Undefined variable $clave
in APPPATH\Views\jefedecarrera\dashboard.php on line 16.
 1 APPPATH\Views\jefedecarrera\dashboard.php(16): CodeIgniter\Debug\Exceptions->errorHandler(2, 'Undefined variable $clave', 'C:\\xampp\\htdocs\\sicac\\sicac\\app\\Views\\jefedecarrera\\dashboard.php', 16)
 2 SYSTEMPATH\View\View.php(228): include('C:\\xampp\\htdocs\\sicac\\sicac\\app\\Views\\jefedecarrera\\dashboard.php')
 3 SYSTEMPATH\View\View.php(231): CodeIgniter\View\View->CodeIgniter\View\{closure}()
 4 SYSTEMPATH\Common.php(1190): CodeIgniter\View\View->render('jefedecarrera/dashboard', [], true)
 5 APPPATH\Controllers\JefeCarrera\JefeCarreraController.php(47): view('jefedecarrera/dashboard', [...])
 6 SYSTEMPATH\CodeIgniter.php(942): App\Controllers\JefeCarrera\JefeCarreraController->index()
 7 SYSTEMPATH\CodeIgniter.php(502): CodeIgniter\CodeIgniter->runController(Object(App\Controllers\JefeCarrera\JefeCarreraController))
 8 SYSTEMPATH\CodeIgniter.php(361): CodeIgniter\CodeIgniter->handleRequest(null, Object(Config\Cache), false)
 9 FCPATH\index.php(79): CodeIgniter\CodeIgniter->run()
10 SYSTEMPATH\Commands\Server\rewrite.php(47): require_once('C:\\xampp\\htdocs\\sicac\\sicac\\public\\index.php')
INFO - 2024-04-27 21:57:17 --> Session: Class initialized using 'CodeIgniter\Session\Handlers\FileHandler' driver.
CRITICAL - 2024-04-27 21:57:17 --> Undefined variable $claves
in APPPATH\Views\jefedecarrera\dashboard.php on line 16.
 1 APPPATH\Views\jefedecarrera\dashboard.php(16): CodeIgniter\Debug\Exceptions->errorHandler(2, 'Undefined variable $claves', 'C:\\xampp\\htdocs\\sicac\\sicac\\app\\Views\\jefedecarrera\\dashboard.php', 16)
 2 SYSTEMPATH\View\View.php(228): include('C:\\xampp\\htdocs\\sicac\\sicac\\app\\Views\\jefedecarrera\\dashboard.php')
 3 SYSTEMPATH\View\View.php(231): CodeIgniter\View\View->CodeIgniter\View\{closure}()
 4 SYSTEMPATH\Common.php(1190): CodeIgniter\View\View->render('jefedecarrera/dashboard', [], true)
 5 APPPATH\Controllers\JefeCarrera\JefeCarreraController.php(47): view('jefedecarrera/dashboard', [...])
 6 SYSTEMPATH\CodeIgniter.php(942): App\Controllers\JefeCarrera\JefeCarreraController->index()
 7 SYSTEMPATH\CodeIgniter.php(502): CodeIgniter\CodeIgniter->runController(Object(App\Controllers\JefeCarrera\JefeCarreraController))
 8 SYSTEMPATH\CodeIgniter.php(361): CodeIgniter\CodeIgniter->handleRequest(null, Object(Config\Cache), false)
 9 FCPATH\index.php(79): CodeIgniter\CodeIgniter->run()
10 SYSTEMPATH\Commands\Server\rewrite.php(47): require_once('C:\\xampp\\htdocs\\sicac\\sicac\\public\\index.php')
INFO - 2024-04-27 21:57:51 --> Session: Class initialized using 'CodeIgniter\Session\Handlers\FileHandler' driver.
CRITICAL - 2024-04-27 21:57:51 --> Undefined variable $claves
in APPPATH\Views\jefedecarrera\dashboard.php on line 16.
 1 APPPATH\Views\jefedecarrera\dashboard.php(16): CodeIgniter\Debug\Exceptions->errorHandler(2, 'Undefined variable $claves', 'C:\\xampp\\htdocs\\sicac\\sicac\\app\\Views\\jefedecarrera\\dashboard.php', 16)
 2 SYSTEMPATH\View\View.php(228): include('C:\\xampp\\htdocs\\sicac\\sicac\\app\\Views\\jefedecarrera\\dashboard.php')
 3 SYSTEMPATH\View\View.php(231): CodeIgniter\View\View->CodeIgniter\View\{closure}()
 4 SYSTEMPATH\Common.php(1190): CodeIgniter\View\View->render('jefedecarrera/dashboard', [], true)
 5 APPPATH\Controllers\JefeCarrera\JefeCarreraController.php(47): view('jefedecarrera/dashboard', [...])
 6 SYSTEMPATH\CodeIgniter.php(942): App\Controllers\JefeCarrera\JefeCarreraController->index()
 7 SYSTEMPATH\CodeIgniter.php(502): CodeIgniter\CodeIgniter->runController(Object(App\Controllers\JefeCarrera\JefeCarreraController))
 8 SYSTEMPATH\CodeIgniter.php(361): CodeIgniter\CodeIgniter->handleRequest(null, Object(Config\Cache), false)
 9 FCPATH\index.php(79): CodeIgniter\CodeIgniter->run()
10 SYSTEMPATH\Commands\Server\rewrite.php(47): require_once('C:\\xampp\\htdocs\\sicac\\sicac\\public\\index.php')
INFO - 2024-04-27 21:59:30 --> Session: Class initialized using 'CodeIgniter\Session\Handlers\FileHandler' driver.
INFO - 2024-04-27 21:59:35 --> Session: Class initialized using 'CodeIgniter\Session\Handlers\FileHandler' driver.
INFO - 2024-04-27 22:01:33 --> Session: Class initialized using 'CodeIgniter\Session\Handlers\FileHandler' driver.
INFO - 2024-04-27 22:02:56 --> Session: Class initialized using 'CodeIgniter\Session\Handlers\FileHandler' driver.
CRITICAL - 2024-04-27 22:02:56 --> Undefined variable $claves_disponibles
in APPPATH\Views\jefedecarrera\dashboard.php on line 19.
 1 APPPATH\Views\jefedecarrera\dashboard.php(19): CodeIgniter\Debug\Exceptions->errorHandler(2, 'Undefined variable $claves_disponibles', 'C:\\xampp\\htdocs\\sicac\\sicac\\app\\Views\\jefedecarrera\\dashboard.php', 19)
 2 SYSTEMPATH\View\View.php(228): include('C:\\xampp\\htdocs\\sicac\\sicac\\app\\Views\\jefedecarrera\\dashboard.php')
 3 SYSTEMPATH\View\View.php(231): CodeIgniter\View\View->CodeIgniter\View\{closure}()
 4 SYSTEMPATH\Common.php(1190): CodeIgniter\View\View->render('jefedecarrera/dashboard', [], true)
 5 APPPATH\Controllers\JefeCarrera\JefeCarreraController.php(49): view('jefedecarrera/dashboard', [...])
 6 SYSTEMPATH\CodeIgniter.php(942): App\Controllers\JefeCarrera\JefeCarreraController->index()
 7 SYSTEMPATH\CodeIgniter.php(502): CodeIgniter\CodeIgniter->runController(Object(App\Controllers\JefeCarrera\JefeCarreraController))
 8 SYSTEMPATH\CodeIgniter.php(361): CodeIgniter\CodeIgniter->handleRequest(null, Object(Config\Cache), false)
 9 FCPATH\index.php(79): CodeIgniter\CodeIgniter->run()
10 SYSTEMPATH\Commands\Server\rewrite.php(47): require_once('C:\\xampp\\htdocs\\sicac\\sicac\\public\\index.php')
INFO - 2024-04-27 22:03:03 --> Session: Class initialized using 'CodeIgniter\Session\Handlers\FileHandler' driver.
INFO - 2024-04-27 22:03:59 --> Session: Class initialized using 'CodeIgniter\Session\Handlers\FileHandler' driver.
INFO - 2024-04-27 22:04:05 --> Session: Class initialized using 'CodeIgniter\Session\Handlers\FileHandler' driver.
INFO - 2024-04-27 22:04:08 --> Session: Class initialized using 'CodeIgniter\Session\Handlers\FileHandler' driver.
INFO - 2024-04-27 22:04:50 --> Session: Class initialized using 'CodeIgniter\Session\Handlers\FileHandler' driver.
INFO - 2024-04-27 22:04:54 --> Session: Class initialized using 'CodeIgniter\Session\Handlers\FileHandler' driver.
INFO - 2024-04-27 22:06:37 --> Session: Class initialized using 'CodeIgniter\Session\Handlers\FileHandler' driver.
INFO - 2024-04-27 22:06:40 --> Session: Class initialized using 'CodeIgniter\Session\Handlers\FileHandler' driver.
INFO - 2024-04-27 22:06:44 --> Session: Class initialized using 'CodeIgniter\Session\Handlers\FileHandler' driver.
CRITICAL - 2024-04-27 22:07:17 --> CodeIgniter\Router\RouteCollection::get(): Argument #3 ($options) must be of type ?array, string given, called in C:\xampp\htdocs\sicac\sicac\app\Config\Routes.php on line 34
in SYSTEMPATH\Router\RouteCollection.php on line 1016.
 1 APPPATH\Config\Routes.php(34): CodeIgniter\Router\RouteCollection->get('/', 'jefecarrera\\dashboard', 'JefeCarreraController::index')
 2 SYSTEMPATH\Router\RouteCollection.php(777): CodeIgniter\Router\RouteCollection->{closure}(Object(CodeIgniter\Router\RouteCollection))
 3 APPPATH\Config\Routes.php(32): CodeIgniter\Router\RouteCollection->group('jefecarrera', [...], Object(Closure))
 4 SYSTEMPATH\Router\RouteCollection.php(344): require('C:\\xampp\\htdocs\\sicac\\sicac\\app\\Config\\Routes.php')
 5 SYSTEMPATH\CodeIgniter.php(810): CodeIgniter\Router\RouteCollection->loadRoutes()
 6 SYSTEMPATH\CodeIgniter.php(450): CodeIgniter\CodeIgniter->tryToRouteIt(null)
 7 SYSTEMPATH\CodeIgniter.php(361): CodeIgniter\CodeIgniter->handleRequest(null, Object(Config\Cache), false)
 8 FCPATH\index.php(79): CodeIgniter\CodeIgniter->run()
 9 SYSTEMPATH\Commands\Server\rewrite.php(47): require_once('C:\\xampp\\htdocs\\sicac\\sicac\\public\\index.php')
INFO - 2024-04-27 22:07:22 --> Session: Class initialized using 'CodeIgniter\Session\Handlers\FileHandler' driver.
INFO - 2024-04-27 22:07:25 --> Session: Class initialized using 'CodeIgniter\Session\Handlers\FileHandler' driver.
INFO - 2024-04-27 22:08:13 --> Session: Class initialized using 'CodeIgniter\Session\Handlers\FileHandler' driver.
INFO - 2024-04-27 22:08:14 --> Session: Class initialized using 'CodeIgniter\Session\Handlers\FileHandler' driver.
INFO - 2024-04-27 22:08:35 --> Session: Class initialized using 'CodeIgniter\Session\Handlers\FileHandler' driver.
INFO - 2024-04-27 22:08:38 --> Session: Class initialized using 'CodeIgniter\Session\Handlers\FileHandler' driver.
INFO - 2024-04-27 22:08:52 --> Session: Class initialized using 'CodeIgniter\Session\Handlers\FileHandler' driver.
INFO - 2024-04-27 22:09:06 --> Session: Class initialized using 'CodeIgniter\Session\Handlers\FileHandler' driver.
INFO - 2024-04-27 22:10:56 --> Session: Class initialized using 'CodeIgniter\Session\Handlers\FileHandler' driver.
CRITICAL - 2024-04-27 22:10:56 --> Undefined variable $claves_disponibles
in APPPATH\Views\jefedecarrera\dashboard.php on line 19.
 1 APPPATH\Views\jefedecarrera\dashboard.php(19): CodeIgniter\Debug\Exceptions->errorHandler(2, 'Undefined variable $claves_disponibles', 'C:\\xampp\\htdocs\\sicac\\sicac\\app\\Views\\jefedecarrera\\dashboard.php', 19)
 2 SYSTEMPATH\View\View.php(228): include('C:\\xampp\\htdocs\\sicac\\sicac\\app\\Views\\jefedecarrera\\dashboard.php')
 3 SYSTEMPATH\View\View.php(231): CodeIgniter\View\View->CodeIgniter\View\{closure}()
 4 SYSTEMPATH\Common.php(1190): CodeIgniter\View\View->render('jefedecarrera/dashboard', [], true)
 5 APPPATH\Controllers\JefeCarrera\JefeCarreraController.php(46): view('jefedecarrera/dashboard', [...])
 6 SYSTEMPATH\CodeIgniter.php(942): App\Controllers\JefeCarrera\JefeCarreraController->index()
 7 SYSTEMPATH\CodeIgniter.php(502): CodeIgniter\CodeIgniter->runController(Object(App\Controllers\JefeCarrera\JefeCarreraController))
 8 SYSTEMPATH\CodeIgniter.php(361): CodeIgniter\CodeIgniter->handleRequest(null, Object(Config\Cache), false)
 9 FCPATH\index.php(79): CodeIgniter\CodeIgniter->run()
10 SYSTEMPATH\Commands\Server\rewrite.php(47): require_once('C:\\xampp\\htdocs\\sicac\\sicac\\public\\index.php')
INFO - 2024-04-27 22:11:05 --> Session: Class initialized using 'CodeIgniter\Session\Handlers\FileHandler' driver.
